This is pdfTeX, Version 3.14159265-2.6-1.40.18 (MiKTeX 2.9.6600 64-bit) (preloaded format=pdflatex 2018.3.25)  30 MAR 2018 20:32
entering extended mode
**./Masterseite.tex
(Masterseite.tex
LaTeX2e <2017-04-15>
Babel <3.17> and hyphenation patterns for 75 language(s) loaded.
(Konfiguration.tex
("C:\Users\Thomas Mittermair\AppData\Local\Programs\MiKTeX 2.9\tex\latex\base\r
eport.cls"
Document Class: report 2014/09/29 v1.4h Standard LaTeX document class

("C:\Users\Thomas Mittermair\AppData\Local\Programs\MiKTeX 2.9\tex\latex\base\s
ize11.clo"
File: size11.clo 2014/09/29 v1.4h Standard LaTeX file (size option)
)
\c@part=\count79
\c@chapter=\count80
\c@section=\count81
\c@subsection=\count82
\c@subsubsection=\count83
\c@paragraph=\count84
\c@subparagraph=\count85
\c@figure=\count86
\c@table=\count87
\abovecaptionskip=\skip41
\belowcaptionskip=\skip42
\bibindent=\dimen102
)
("C:\Users\Thomas Mittermair\AppData\Local\Programs\MiKTeX 2.9\tex\latex\fancyh
dr\fancyhdr.sty"
Package: fancyhdr 2017/06/30 v3.9a Extensive control of page headers and footer
s
\f@nch@headwidth=\skip43
\f@nch@O@elh=\skip44
\f@nch@O@erh=\skip45
\f@nch@O@olh=\skip46
\f@nch@O@orh=\skip47
\f@nch@O@elf=\skip48
\f@nch@O@erf=\skip49
\f@nch@O@olf=\skip50
\f@nch@O@orf=\skip51
)
("C:\Users\Thomas Mittermair\AppData\Local\Programs\MiKTeX 2.9\tex\latex\graphi
cs\graphicx.sty"
Package: graphicx 2017/06/01 v1.1a Enhanced LaTeX Graphics (DPC,SPQR)

("C:\Users\Thomas Mittermair\AppData\Local\Programs\MiKTeX 2.9\tex\latex\graphi
cs\keyval.sty"
Package: keyval 2014/10/28 v1.15 key=value parser (DPC)
\KV@toks@=\toks14
)
("C:\Users\Thomas Mittermair\AppData\Local\Programs\MiKTeX 2.9\tex\latex\graphi
cs\graphics.sty"
Package: graphics 2017/06/25 v1.2c Standard LaTeX Graphics (DPC,SPQR)

("C:\Users\Thomas Mittermair\AppData\Local\Programs\MiKTeX 2.9\tex\latex\graphi
cs\trig.sty"
Package: trig 2016/01/03 v1.10 sin cos tan (DPC)
)
("C:\Users\Thomas Mittermair\AppData\Local\Programs\MiKTeX 2.9\tex\latex\graphi
cs-cfg\graphics.cfg"
File: graphics.cfg 2016/06/04 v1.11 sample graphics configuration
)
Package graphics Info: Driver file: pdftex.def on input line 99.

("C:\Users\Thomas Mittermair\AppData\Local\Programs\MiKTeX 2.9\tex\latex\graphi
cs-def\pdftex.def"
File: pdftex.def 2018/01/08 v1.0l Graphics/color driver for pdftex
))
\Gin@req@height=\dimen103
\Gin@req@width=\dimen104
)
("C:\Users\Thomas Mittermair\AppData\Local\Programs\MiKTeX 2.9\tex\generic\babe
l\babel.sty"
Package: babel 2018/01/24 3.17 The Babel package

("C:\Users\Thomas Mittermair\AppData\Local\Programs\MiKTeX 2.9\tex\generic\babe
l\switch.def"
File: switch.def 2018/01/24 3.17 Babel switching mechanism
)
*************************************
* Local config file bblopts.cfg used
*

("C:\Users\Thomas Mittermair\AppData\Local\Programs\MiKTeX 2.9\tex\latex\arabi\
bblopts.cfg"
File: bblopts.cfg 2005/09/08 v0.1 add Arabic and Farsi to "declared" options of
 babel
)
("C:\Users\Thomas Mittermair\AppData\Local\Programs\MiKTeX 2.9\tex\latex\babel-
german\german.ldf"
Language: german 2016/11/02 v2.9 German support for babel (traditional orthogra
phy)

("C:\Users\Thomas Mittermair\AppData\Local\Programs\MiKTeX 2.9\tex\latex\babel-
german\germanb.ldf"
Language: germanb 2016/11/02 v2.9 German support for babel (traditional orthogr
aphy)

("C:\Users\Thomas Mittermair\AppData\Local\Programs\MiKTeX 2.9\tex\generic\babe
l\babel.def"
File: babel.def 2018/01/24 3.17 Babel common definitions

("C:\Users\Thomas Mittermair\AppData\Local\Programs\MiKTeX 2.9\tex\generic\babe
l\switch.def"
File: switch.def 2018/01/24 3.17 Babel switching mechanism
)
\babel@savecnt=\count88
\U@D=\dimen105

("C:\Users\Thomas Mittermair\AppData\Local\Programs\MiKTeX 2.9\tex\generic\babe
l\txtbabel.def")
\bbl@dirlevel=\count89
)
Package babel Info: Making " an active character on input line 139.
))
("C:\Users\Thomas Mittermair\AppData\Local\Programs\MiKTeX 2.9\tex\latex\babel-
german\ngerman.ldf"
Language: ngerman 2016/11/02 v2.9 German support for babel (new orthography)

("C:\Users\Thomas Mittermair\AppData\Local\Programs\MiKTeX 2.9\tex\latex\babel-
german\ngermanb.ldf"
Language: ngermanb 2016/11/02 v2.9 German support for babel (new orthography)
))
("C:\Users\Thomas Mittermair\AppData\Local\Programs\MiKTeX 2.9\tex\latex\babel-
english\english.ldf"
Language: english 2017/06/06 v3.3r English support from the babel system
\l@canadian = a dialect from \language\l@american 
\l@australian = a dialect from \language\l@british 
\l@newzealand = a dialect from \language\l@british 
))
("C:\Users\Thomas Mittermair\AppData\Local\Programs\MiKTeX 2.9\tex\latex\base\i
nputenc.sty"
Package: inputenc 2015/03/17 v1.2c Input encoding file
\inpenc@prehook=\toks15
\inpenc@posthook=\toks16

("C:\Users\Thomas Mittermair\AppData\Local\Programs\MiKTeX 2.9\tex\latex\base\u
tf8.def"
File: utf8.def 2017/01/28 v1.1t UTF-8 support for inputenc
Now handling font encoding OML ...
... no UTF-8 mapping file for font encoding OML
Now handling font encoding T1 ...
... processing UTF-8 mapping file for font encoding T1

("C:\Users\Thomas Mittermair\AppData\Local\Programs\MiKTeX 2.9\tex\latex\base\t
1enc.dfu"
File: t1enc.dfu 2017/01/28 v1.1t UTF-8 support for inputenc
   defining Unicode char U+00A0 (decimal 160)
   defining Unicode char U+00A1 (decimal 161)
   defining Unicode char U+00A3 (decimal 163)
   defining Unicode char U+00AB (decimal 171)
   defining Unicode char U+00AD (decimal 173)
   defining Unicode char U+00BB (decimal 187)
   defining Unicode char U+00BF (decimal 191)
   defining Unicode char U+00C0 (decimal 192)
   defining Unicode char U+00C1 (decimal 193)
   defining Unicode char U+00C2 (decimal 194)
   defining Unicode char U+00C3 (decimal 195)
   defining Unicode char U+00C4 (decimal 196)
   defining Unicode char U+00C5 (decimal 197)
   defining Unicode char U+00C6 (decimal 198)
   defining Unicode char U+00C7 (decimal 199)
   defining Unicode char U+00C8 (decimal 200)
   defining Unicode char U+00C9 (decimal 201)
   defining Unicode char U+00CA (decimal 202)
   defining Unicode char U+00CB (decimal 203)
   defining Unicode char U+00CC (decimal 204)
   defining Unicode char U+00CD (decimal 205)
   defining Unicode char U+00CE (decimal 206)
   defining Unicode char U+00CF (decimal 207)
   defining Unicode char U+00D0 (decimal 208)
   defining Unicode char U+00D1 (decimal 209)
   defining Unicode char U+00D2 (decimal 210)
   defining Unicode char U+00D3 (decimal 211)
   defining Unicode char U+00D4 (decimal 212)
   defining Unicode char U+00D5 (decimal 213)
   defining Unicode char U+00D6 (decimal 214)
   defining Unicode char U+00D8 (decimal 216)
   defining Unicode char U+00D9 (decimal 217)
   defining Unicode char U+00DA (decimal 218)
   defining Unicode char U+00DB (decimal 219)
   defining Unicode char U+00DC (decimal 220)
   defining Unicode char U+00DD (decimal 221)
   defining Unicode char U+00DE (decimal 222)
   defining Unicode char U+00DF (decimal 223)
   defining Unicode char U+00E0 (decimal 224)
   defining Unicode char U+00E1 (decimal 225)
   defining Unicode char U+00E2 (decimal 226)
   defining Unicode char U+00E3 (decimal 227)
   defining Unicode char U+00E4 (decimal 228)
   defining Unicode char U+00E5 (decimal 229)
   defining Unicode char U+00E6 (decimal 230)
   defining Unicode char U+00E7 (decimal 231)
   defining Unicode char U+00E8 (decimal 232)
   defining Unicode char U+00E9 (decimal 233)
   defining Unicode char U+00EA (decimal 234)
   defining Unicode char U+00EB (decimal 235)
   defining Unicode char U+00EC (decimal 236)
   defining Unicode char U+00ED (decimal 237)
   defining Unicode char U+00EE (decimal 238)
   defining Unicode char U+00EF (decimal 239)
   defining Unicode char U+00F0 (decimal 240)
   defining Unicode char U+00F1 (decimal 241)
   defining Unicode char U+00F2 (decimal 242)
   defining Unicode char U+00F3 (decimal 243)
   defining Unicode char U+00F4 (decimal 244)
   defining Unicode char U+00F5 (decimal 245)
   defining Unicode char U+00F6 (decimal 246)
   defining Unicode char U+00F8 (decimal 248)
   defining Unicode char U+00F9 (decimal 249)
   defining Unicode char U+00FA (decimal 250)
   defining Unicode char U+00FB (decimal 251)
   defining Unicode char U+00FC (decimal 252)
   defining Unicode char U+00FD (decimal 253)
   defining Unicode char U+00FE (decimal 254)
   defining Unicode char U+00FF (decimal 255)
   defining Unicode char U+0100 (decimal 256)
   defining Unicode char U+0101 (decimal 257)
   defining Unicode char U+0102 (decimal 258)
   defining Unicode char U+0103 (decimal 259)
   defining Unicode char U+0104 (decimal 260)
   defining Unicode char U+0105 (decimal 261)
   defining Unicode char U+0106 (decimal 262)
   defining Unicode char U+0107 (decimal 263)
   defining Unicode char U+0108 (decimal 264)
   defining Unicode char U+0109 (decimal 265)
   defining Unicode char U+010A (decimal 266)
   defining Unicode char U+010B (decimal 267)
   defining Unicode char U+010C (decimal 268)
   defining Unicode char U+010D (decimal 269)
   defining Unicode char U+010E (decimal 270)
   defining Unicode char U+010F (decimal 271)
   defining Unicode char U+0110 (decimal 272)
   defining Unicode char U+0111 (decimal 273)
   defining Unicode char U+0112 (decimal 274)
   defining Unicode char U+0113 (decimal 275)
   defining Unicode char U+0114 (decimal 276)
   defining Unicode char U+0115 (decimal 277)
   defining Unicode char U+0116 (decimal 278)
   defining Unicode char U+0117 (decimal 279)
   defining Unicode char U+0118 (decimal 280)
   defining Unicode char U+0119 (decimal 281)
   defining Unicode char U+011A (decimal 282)
   defining Unicode char U+011B (decimal 283)
   defining Unicode char U+011C (decimal 284)
   defining Unicode char U+011D (decimal 285)
   defining Unicode char U+011E (decimal 286)
   defining Unicode char U+011F (decimal 287)
   defining Unicode char U+0120 (decimal 288)
   defining Unicode char U+0121 (decimal 289)
   defining Unicode char U+0122 (decimal 290)
   defining Unicode char U+0123 (decimal 291)
   defining Unicode char U+0124 (decimal 292)
   defining Unicode char U+0125 (decimal 293)
   defining Unicode char U+0128 (decimal 296)
   defining Unicode char U+0129 (decimal 297)
   defining Unicode char U+012A (decimal 298)
   defining Unicode char U+012B (decimal 299)
   defining Unicode char U+012C (decimal 300)
   defining Unicode char U+012D (decimal 301)
   defining Unicode char U+012E (decimal 302)
   defining Unicode char U+012F (decimal 303)
   defining Unicode char U+0130 (decimal 304)
   defining Unicode char U+0131 (decimal 305)
   defining Unicode char U+0132 (decimal 306)
   defining Unicode char U+0133 (decimal 307)
   defining Unicode char U+0134 (decimal 308)
   defining Unicode char U+0135 (decimal 309)
   defining Unicode char U+0136 (decimal 310)
   defining Unicode char U+0137 (decimal 311)
   defining Unicode char U+0139 (decimal 313)
   defining Unicode char U+013A (decimal 314)
   defining Unicode char U+013B (decimal 315)
   defining Unicode char U+013C (decimal 316)
   defining Unicode char U+013D (decimal 317)
   defining Unicode char U+013E (decimal 318)
   defining Unicode char U+0141 (decimal 321)
   defining Unicode char U+0142 (decimal 322)
   defining Unicode char U+0143 (decimal 323)
   defining Unicode char U+0144 (decimal 324)
   defining Unicode char U+0145 (decimal 325)
   defining Unicode char U+0146 (decimal 326)
   defining Unicode char U+0147 (decimal 327)
   defining Unicode char U+0148 (decimal 328)
   defining Unicode char U+014A (decimal 330)
   defining Unicode char U+014B (decimal 331)
   defining Unicode char U+014C (decimal 332)
   defining Unicode char U+014D (decimal 333)
   defining Unicode char U+014E (decimal 334)
   defining Unicode char U+014F (decimal 335)
   defining Unicode char U+0150 (decimal 336)
   defining Unicode char U+0151 (decimal 337)
   defining Unicode char U+0152 (decimal 338)
   defining Unicode char U+0153 (decimal 339)
   defining Unicode char U+0154 (decimal 340)
   defining Unicode char U+0155 (decimal 341)
   defining Unicode char U+0156 (decimal 342)
   defining Unicode char U+0157 (decimal 343)
   defining Unicode char U+0158 (decimal 344)
   defining Unicode char U+0159 (decimal 345)
   defining Unicode char U+015A (decimal 346)
   defining Unicode char U+015B (decimal 347)
   defining Unicode char U+015C (decimal 348)
   defining Unicode char U+015D (decimal 349)
   defining Unicode char U+015E (decimal 350)
   defining Unicode char U+015F (decimal 351)
   defining Unicode char U+0160 (decimal 352)
   defining Unicode char U+0161 (decimal 353)
   defining Unicode char U+0162 (decimal 354)
   defining Unicode char U+0163 (decimal 355)
   defining Unicode char U+0164 (decimal 356)
   defining Unicode char U+0165 (decimal 357)
   defining Unicode char U+0168 (decimal 360)
   defining Unicode char U+0169 (decimal 361)
   defining Unicode char U+016A (decimal 362)
   defining Unicode char U+016B (decimal 363)
   defining Unicode char U+016C (decimal 364)
   defining Unicode char U+016D (decimal 365)
   defining Unicode char U+016E (decimal 366)
   defining Unicode char U+016F (decimal 367)
   defining Unicode char U+0170 (decimal 368)
   defining Unicode char U+0171 (decimal 369)
   defining Unicode char U+0172 (decimal 370)
   defining Unicode char U+0173 (decimal 371)
   defining Unicode char U+0174 (decimal 372)
   defining Unicode char U+0175 (decimal 373)
   defining Unicode char U+0176 (decimal 374)
   defining Unicode char U+0177 (decimal 375)
   defining Unicode char U+0178 (decimal 376)
   defining Unicode char U+0179 (decimal 377)
   defining Unicode char U+017A (decimal 378)
   defining Unicode char U+017B (decimal 379)
   defining Unicode char U+017C (decimal 380)
   defining Unicode char U+017D (decimal 381)
   defining Unicode char U+017E (decimal 382)
   defining Unicode char U+01CD (decimal 461)
   defining Unicode char U+01CE (decimal 462)
   defining Unicode char U+01CF (decimal 463)
   defining Unicode char U+01D0 (decimal 464)
   defining Unicode char U+01D1 (decimal 465)
   defining Unicode char U+01D2 (decimal 466)
   defining Unicode char U+01D3 (decimal 467)
   defining Unicode char U+01D4 (decimal 468)
   defining Unicode char U+01E2 (decimal 482)
   defining Unicode char U+01E3 (decimal 483)
   defining Unicode char U+01E6 (decimal 486)
   defining Unicode char U+01E7 (decimal 487)
   defining Unicode char U+01E8 (decimal 488)
   defining Unicode char U+01E9 (decimal 489)
   defining Unicode char U+01EA (decimal 490)
   defining Unicode char U+01EB (decimal 491)
   defining Unicode char U+01F0 (decimal 496)
   defining Unicode char U+01F4 (decimal 500)
   defining Unicode char U+01F5 (decimal 501)
   defining Unicode char U+0218 (decimal 536)
   defining Unicode char U+0219 (decimal 537)
   defining Unicode char U+021A (decimal 538)
   defining Unicode char U+021B (decimal 539)
   defining Unicode char U+0232 (decimal 562)
   defining Unicode char U+0233 (decimal 563)
   defining Unicode char U+1E02 (decimal 7682)
   defining Unicode char U+1E03 (decimal 7683)
   defining Unicode char U+200C (decimal 8204)
   defining Unicode char U+2010 (decimal 8208)
   defining Unicode char U+2011 (decimal 8209)
   defining Unicode char U+2012 (decimal 8210)
   defining Unicode char U+2013 (decimal 8211)
   defining Unicode char U+2014 (decimal 8212)
   defining Unicode char U+2015 (decimal 8213)
   defining Unicode char U+2018 (decimal 8216)
   defining Unicode char U+2019 (decimal 8217)
   defining Unicode char U+201A (decimal 8218)
   defining Unicode char U+201C (decimal 8220)
   defining Unicode char U+201D (decimal 8221)
   defining Unicode char U+201E (decimal 8222)
   defining Unicode char U+2030 (decimal 8240)
   defining Unicode char U+2031 (decimal 8241)
   defining Unicode char U+2039 (decimal 8249)
   defining Unicode char U+203A (decimal 8250)
   defining Unicode char U+2423 (decimal 9251)
   defining Unicode char U+1E20 (decimal 7712)
   defining Unicode char U+1E21 (decimal 7713)
)
Now handling font encoding OT1 ...
... processing UTF-8 mapping file for font encoding OT1

("C:\Users\Thomas Mittermair\AppData\Local\Programs\MiKTeX 2.9\tex\latex\base\o
t1enc.dfu"
File: ot1enc.dfu 2017/01/28 v1.1t UTF-8 support for inputenc
   defining Unicode char U+00A0 (decimal 160)
   defining Unicode char U+00A1 (decimal 161)
   defining Unicode char U+00A3 (decimal 163)
   defining Unicode char U+00AD (decimal 173)
   defining Unicode char U+00B8 (decimal 184)
   defining Unicode char U+00BF (decimal 191)
   defining Unicode char U+00C5 (decimal 197)
   defining Unicode char U+00C6 (decimal 198)
   defining Unicode char U+00D8 (decimal 216)
   defining Unicode char U+00DF (decimal 223)
   defining Unicode char U+00E6 (decimal 230)
   defining Unicode char U+00EC (decimal 236)
   defining Unicode char U+00ED (decimal 237)
   defining Unicode char U+00EE (decimal 238)
   defining Unicode char U+00EF (decimal 239)
   defining Unicode char U+00F8 (decimal 248)
   defining Unicode char U+0131 (decimal 305)
   defining Unicode char U+0141 (decimal 321)
   defining Unicode char U+0142 (decimal 322)
   defining Unicode char U+0152 (decimal 338)
   defining Unicode char U+0153 (decimal 339)
   defining Unicode char U+0174 (decimal 372)
   defining Unicode char U+0175 (decimal 373)
   defining Unicode char U+0176 (decimal 374)
   defining Unicode char U+0177 (decimal 375)
   defining Unicode char U+0218 (decimal 536)
   defining Unicode char U+0219 (decimal 537)
   defining Unicode char U+021A (decimal 538)
   defining Unicode char U+021B (decimal 539)
   defining Unicode char U+2013 (decimal 8211)
   defining Unicode char U+2014 (decimal 8212)
   defining Unicode char U+2018 (decimal 8216)
   defining Unicode char U+2019 (decimal 8217)
   defining Unicode char U+201C (decimal 8220)
   defining Unicode char U+201D (decimal 8221)
)
Now handling font encoding OMS ...
... processing UTF-8 mapping file for font encoding OMS

("C:\Users\Thomas Mittermair\AppData\Local\Programs\MiKTeX 2.9\tex\latex\base\o
msenc.dfu"
File: omsenc.dfu 2017/01/28 v1.1t UTF-8 support for inputenc
   defining Unicode char U+00A7 (decimal 167)
   defining Unicode char U+00B6 (decimal 182)
   defining Unicode char U+00B7 (decimal 183)
   defining Unicode char U+2020 (decimal 8224)
   defining Unicode char U+2021 (decimal 8225)
   defining Unicode char U+2022 (decimal 8226)
)
Now handling font encoding OMX ...
... no UTF-8 mapping file for font encoding OMX
Now handling font encoding U ...
... no UTF-8 mapping file for font encoding U
   defining Unicode char U+00A9 (decimal 169)
   defining Unicode char U+00AA (decimal 170)
   defining Unicode char U+00AE (decimal 174)
   defining Unicode char U+00BA (decimal 186)
   defining Unicode char U+02C6 (decimal 710)
   defining Unicode char U+02DC (decimal 732)
   defining Unicode char U+200C (decimal 8204)
   defining Unicode char U+2026 (decimal 8230)
   defining Unicode char U+2122 (decimal 8482)
   defining Unicode char U+2423 (decimal 9251)
))
("C:\Users\Thomas Mittermair\AppData\Local\Programs\MiKTeX 2.9\tex\latex\base\f
ontenc.sty"
Package: fontenc 2017/04/05 v2.0i Standard LaTeX package

("C:\Users\Thomas Mittermair\AppData\Local\Programs\MiKTeX 2.9\tex\latex\base\t
1enc.def"
File: t1enc.def 2017/04/05 v2.0i Standard LaTeX file
LaTeX Font Info:    Redeclaring font encoding T1 on input line 48.
))
("C:\Users\Thomas Mittermair\AppData\Local\Programs\MiKTeX 2.9\tex\latex\url\ur
l.sty"
\Urlmuskip=\muskip10
Package: url 2013/09/16  ver 3.4  Verb mode for urls, etc.
)
("C:\Users\Thomas Mittermair\AppData\Local\Programs\MiKTeX 2.9\tex\latex\append
ix\appendix.sty"
Package: appendix 2009/09/02 v1.2b extra appendix facilities
\c@@pps=\count90
\c@@ppsavesec=\count91
\c@@ppsaveapp=\count92
)
("C:\Users\Thomas Mittermair\AppData\Local\Programs\MiKTeX 2.9\tex\latex\hyperr
ef\hyperref.sty"
Package: hyperref 2018/02/06 v6.86b Hypertext links for LaTeX

("C:\Users\Thomas Mittermair\AppData\Local\Programs\MiKTeX 2.9\tex\generic\ober
diek\hobsub-hyperref.sty"
Package: hobsub-hyperref 2016/05/16 v1.14 Bundle oberdiek, subset hyperref (HO)


("C:\Users\Thomas Mittermair\AppData\Local\Programs\MiKTeX 2.9\tex\generic\ober
diek\hobsub-generic.sty"
Package: hobsub-generic 2016/05/16 v1.14 Bundle oberdiek, subset generic (HO)
Package: hobsub 2016/05/16 v1.14 Construct package bundles (HO)
Package: infwarerr 2016/05/16 v1.4 Providing info/warning/error messages (HO)
Package: ltxcmds 2016/05/16 v1.23 LaTeX kernel commands for general use (HO)
Package: ifluatex 2016/05/16 v1.4 Provides the ifluatex switch (HO)
Package ifluatex Info: LuaTeX not detected.
Package: ifvtex 2016/05/16 v1.6 Detect VTeX and its facilities (HO)
Package ifvtex Info: VTeX not detected.
Package: intcalc 2016/05/16 v1.2 Expandable calculations with integers (HO)
Package: ifpdf 2017/03/15 v3.2 Provides the ifpdf switch
Package: etexcmds 2016/05/16 v1.6 Avoid name clashes with e-TeX commands (HO)
Package etexcmds Info: Could not find \expanded.
(etexcmds)             That can mean that you are not using pdfTeX 1.50 or
(etexcmds)             that some package has redefined \expanded.
(etexcmds)             In the latter case, load this package earlier.
Package: kvsetkeys 2016/05/16 v1.17 Key value parser (HO)
Package: kvdefinekeys 2016/05/16 v1.4 Define keys (HO)
Package: pdftexcmds 2018/01/21 v0.26 Utility functions of pdfTeX for LuaTeX (HO
)
Package pdftexcmds Info: LuaTeX not detected.
Package pdftexcmds Info: \pdf@primitive is available.
Package pdftexcmds Info: \pdf@ifprimitive is available.
Package pdftexcmds Info: \pdfdraftmode found.
Package: pdfescape 2016/05/16 v1.14 Implements pdfTeX's escape features (HO)
Package: bigintcalc 2016/05/16 v1.4 Expandable calculations on big integers (HO
)
Package: bitset 2016/05/16 v1.2 Handle bit-vector datatype (HO)
Package: uniquecounter 2016/05/16 v1.3 Provide unlimited unique counter (HO)
)
Package hobsub Info: Skipping package `hobsub' (already loaded).
Package: letltxmacro 2016/05/16 v1.5 Let assignment for LaTeX macros (HO)
Package: hopatch 2016/05/16 v1.3 Wrapper for package hooks (HO)
Package: xcolor-patch 2016/05/16 xcolor patch
Package: atveryend 2016/05/16 v1.9 Hooks at the very end of document (HO)
Package atveryend Info: \enddocument detected (standard20110627).
Package: atbegshi 2016/06/09 v1.18 At begin shipout hook (HO)
Package: refcount 2016/05/16 v3.5 Data extraction from label references (HO)
Package: hycolor 2016/05/16 v1.8 Color options for hyperref/bookmark (HO)
)
("C:\Users\Thomas Mittermair\AppData\Local\Programs\MiKTeX 2.9\tex\generic\ifxe
tex\ifxetex.sty"
Package: ifxetex 2010/09/12 v0.6 Provides ifxetex conditional
)
("C:\Users\Thomas Mittermair\AppData\Local\Programs\MiKTeX 2.9\tex\latex\oberdi
ek\auxhook.sty"
Package: auxhook 2016/05/16 v1.4 Hooks for auxiliary files (HO)
)
("C:\Users\Thomas Mittermair\AppData\Local\Programs\MiKTeX 2.9\tex\latex\oberdi
ek\kvoptions.sty"
Package: kvoptions 2016/05/16 v3.12 Key value format for package options (HO)
)
\@linkdim=\dimen106
\Hy@linkcounter=\count93
\Hy@pagecounter=\count94

("C:\Users\Thomas Mittermair\AppData\Local\Programs\MiKTeX 2.9\tex\latex\hyperr
ef\pd1enc.def"
File: pd1enc.def 2018/02/06 v6.86b Hyperref: PDFDocEncoding definition (HO)
Now handling font encoding PD1 ...
... no UTF-8 mapping file for font encoding PD1
)
\Hy@SavedSpaceFactor=\count95

("C:\Users\Thomas Mittermair\AppData\Local\Programs\MiKTeX 2.9\tex\latex\00mikt
ex\hyperref.cfg"
File: hyperref.cfg 2002/06/06 v1.2 hyperref configuration of TeXLive
)
Package hyperref Info: Hyper figures OFF on input line 4509.
Package hyperref Info: Link nesting OFF on input line 4514.
Package hyperref Info: Hyper index ON on input line 4517.
Package hyperref Info: Plain pages OFF on input line 4524.
Package hyperref Info: Backreferencing OFF on input line 4529.
Package hyperref Info: Implicit mode ON; LaTeX internals redefined.
Package hyperref Info: Bookmarks ON on input line 4762.
\c@Hy@tempcnt=\count96
LaTeX Info: Redefining \url on input line 5115.
\XeTeXLinkMargin=\dimen107
\Fld@menulength=\count97
\Field@Width=\dimen108
\Fld@charsize=\dimen109
Package hyperref Info: Hyper figures OFF on input line 6369.
Package hyperref Info: Link nesting OFF on input line 6374.
Package hyperref Info: Hyper index ON on input line 6377.
Package hyperref Info: backreferencing OFF on input line 6384.
Package hyperref Info: Link coloring OFF on input line 6389.
Package hyperref Info: Link coloring with OCG OFF on input line 6394.
Package hyperref Info: PDF/A mode OFF on input line 6399.
LaTeX Info: Redefining \ref on input line 6439.
LaTeX Info: Redefining \pageref on input line 6443.
\Hy@abspage=\count98
\c@Item=\count99
\c@Hfootnote=\count100
)
Package hyperref Info: Driver (autodetected): hpdftex.

("C:\Users\Thomas Mittermair\AppData\Local\Programs\MiKTeX 2.9\tex\latex\hyperr
ef\hpdftex.def"
File: hpdftex.def 2018/02/06 v6.86b Hyperref driver for pdfTeX
\Fld@listcount=\count101
\c@bookmark@seq@number=\count102

("C:\Users\Thomas Mittermair\AppData\Local\Programs\MiKTeX 2.9\tex\latex\oberdi
ek\rerunfilecheck.sty"
Package: rerunfilecheck 2016/05/16 v1.8 Rerun checks for auxiliary files (HO)
Package uniquecounter Info: New unique counter `rerunfilecheck' on input line 2
82.
)
\Hy@SectionHShift=\skip52
)
("C:\Users\Thomas Mittermair\AppData\Local\Programs\MiKTeX 2.9\tex\latex\tocbib
ind\tocbibind.sty"
Package: tocbibind 2010/10/13 v1.5k extra ToC listings
Package tocbibind Info: The document has chapter divisions on input line 50.


Package tocbibind Note: Using chapter style headings, unless overridden.

)
("C:\Users\Thomas Mittermair\AppData\Local\Programs\MiKTeX 2.9\tex\latex\listin
gs\listings.sty"
\lst@mode=\count103
\lst@gtempboxa=\box26
\lst@token=\toks17
\lst@length=\count104
\lst@currlwidth=\dimen110
\lst@column=\count105
\lst@pos=\count106
\lst@lostspace=\dimen111
\lst@width=\dimen112
\lst@newlines=\count107
\lst@lineno=\count108
\lst@maxwidth=\dimen113

("C:\Users\Thomas Mittermair\AppData\Local\Programs\MiKTeX 2.9\tex\latex\listin
gs\lstmisc.sty"
File: lstmisc.sty 2015/06/04 1.6 (Carsten Heinz)
\c@lstnumber=\count109
\lst@skipnumbers=\count110
\lst@framebox=\box27
)
("C:\Users\Thomas Mittermair\AppData\Local\Programs\MiKTeX 2.9\tex\latex\listin
gs\listings.cfg"
File: listings.cfg 2015/06/04 1.6 listings configuration
))
Package: listings 2015/06/04 1.6 (Carsten Heinz)
) (Masterseite.aux)
\openout1 = `Masterseite.aux'.

LaTeX Font Info:    Checking defaults for OML/cmm/m/it on input line 10.
LaTeX Font Info:    ... okay on input line 10.
LaTeX Font Info:    Checking defaults for T1/cmr/m/n on input line 10.
LaTeX Font Info:    ... okay on input line 10.
LaTeX Font Info:    Checking defaults for OT1/cmr/m/n on input line 10.
LaTeX Font Info:    ... okay on input line 10.
LaTeX Font Info:    Checking defaults for OMS/cmsy/m/n on input line 10.
LaTeX Font Info:    ... okay on input line 10.
LaTeX Font Info:    Checking defaults for OMX/cmex/m/n on input line 10.
LaTeX Font Info:    ... okay on input line 10.
LaTeX Font Info:    Checking defaults for U/cmr/m/n on input line 10.
LaTeX Font Info:    ... okay on input line 10.
LaTeX Font Info:    Checking defaults for PD1/pdf/m/n on input line 10.
LaTeX Font Info:    ... okay on input line 10.

("C:\Users\Thomas Mittermair\AppData\Local\Programs\MiKTeX 2.9\tex\context\base
\supp-pdf.mkii"
[Loading MPS to PDF converter (version 2006.09.02).]
\scratchcounter=\count111
\scratchdimen=\dimen114
\scratchbox=\box28
\nofMPsegments=\count112
\nofMParguments=\count113
\everyMPshowfont=\toks18
\MPscratchCnt=\count114
\MPscratchDim=\dimen115
\MPnumerator=\count115
\makeMPintoPDFobject=\count116
\everyMPtoPDFconversion=\toks19
)
("C:\Users\Thomas Mittermair\AppData\Local\Programs\MiKTeX 2.9\tex\latex\oberdi
ek\epstopdf-base.sty"
Package: epstopdf-base 2016/05/15 v2.6 Base part for package epstopdf

("C:\Users\Thomas Mittermair\AppData\Local\Programs\MiKTeX 2.9\tex\latex\oberdi
ek\grfext.sty"
Package: grfext 2016/05/16 v1.2 Manage graphics extensions (HO)
)
Package epstopdf-base Info: Redefining graphics rule for `.eps' on input line 4
38.
Package grfext Info: Graphics extension search list:
(grfext)             [.pdf,.png,.jpg,.mps,.jpeg,.jbig2,.jb2,.PDF,.PNG,.JPG,.JPE
G,.JBIG2,.JB2,.eps]
(grfext)             \AppendGraphicsExtensions on input line 456.
)
\AtBeginShipoutBox=\box29
Package hyperref Info: Link coloring OFF on input line 10.

("C:\Users\Thomas Mittermair\AppData\Local\Programs\MiKTeX 2.9\tex\latex\hyperr
ef\nameref.sty"
Package: nameref 2016/05/21 v2.44 Cross-referencing by name of section

("C:\Users\Thomas Mittermair\AppData\Local\Programs\MiKTeX 2.9\tex\generic\ober
diek\gettitlestring.sty"
Package: gettitlestring 2016/05/16 v1.5 Cleanup title references (HO)
)
\c@section@level=\count117
)
LaTeX Info: Redefining \ref on input line 10.
LaTeX Info: Redefining \pageref on input line 10.
LaTeX Info: Redefining \nameref on input line 10.
 (Masterseite.out) (Masterseite.out)
\@outlinefile=\write3
\openout3 = `Masterseite.out'.

\c@lstlisting=\count118
Package babel Info: Redefining german shorthand "f
(babel)             in language  on input line 17.
Package babel Info: Redefining german shorthand "|
(babel)             in language  on input line 17.
Package babel Info: Redefining german shorthand "~
(babel)             in language  on input line 17.
Package babel Info: Redefining german shorthand "f
(babel)             in language  on input line 17.
Package babel Info: Redefining german shorthand "|
(babel)             in language  on input line 17.
Package babel Info: Redefining german shorthand "~
(babel)             in language  on input line 17.

(Kapitel/0.1_Titelblatt.tex
<Abbildungen/Fallmerayer_Logo.jpg, id=83, 426.8748pt x 426.8748pt>
File: Abbildungen/Fallmerayer_Logo.jpg Graphic file (type jpg)
<use Abbildungen/Fallmerayer_Logo.jpg>
Package pdftex.def Info: Abbildungen/Fallmerayer_Logo.jpg  used on input line 9
.
(pdftex.def)             Requested size: 142.26302pt x 142.26378pt.
Package babel Info: Redefining german shorthand "f
(babel)             in language  on input line 33.
Package babel Info: Redefining german shorthand "|
(babel)             in language  on input line 33.
Package babel Info: Redefining german shorthand "~
(babel)             in language  on input line 33.
Package babel Info: Redefining german shorthand "f
(babel)             in language  on input line 33.
Package babel Info: Redefining german shorthand "|
(babel)             in language  on input line 33.
Package babel Info: Redefining german shorthand "~
(babel)             in language  on input line 33.
 [1



{C:/Users/Thomas Mittermair/AppData/Local/MiKTeX/2.9/pdftex/config/pdftex.map} 
<./Abbildungen/Fallmerayer_Logo.jpg>])
(Kapitel/0.2_Abstract.tex
Package babel Info: Redefining german shorthand "f
(babel)             in language  on input line 10.
Package babel Info: Redefining german shorthand "|
(babel)             in language  on input line 10.
Package babel Info: Redefining german shorthand "~
(babel)             in language  on input line 10.
Package babel Info: Redefining german shorthand "f
(babel)             in language  on input line 10.
Package babel Info: Redefining german shorthand "|
(babel)             in language  on input line 10.
Package babel Info: Redefining german shorthand "~
(babel)             in language  on input line 10.
pdfTeX warning (ext4): destination with the same identifier (name{page.I}) has 
been already used, duplicate ignored
<to be read again> 
                   \relax 
l.10 \end{abstract}
                    [1

]) (Masterseite.toc
LaTeX Font Info:    External font `cmex10' loaded for size
(Font)              <10.95> on input line 4.
LaTeX Font Info:    External font `cmex10' loaded for size
(Font)              <8> on input line 4.
LaTeX Font Info:    External font `cmex10' loaded for size
(Font)              <6> on input line 4.

Overfull \hbox (5.3919pt too wide) in paragraph at lines 19--19
 [][] [][]\T1/cmr/m/n/10.95 Implementierungsmöglichkeiten der Par-al-le-li-sie-
rung 
 []


Overfull \hbox (5.3919pt too wide) in paragraph at lines 22--22
 [][] [][]\T1/cmr/m/n/10.95 Implementierungsmöglichkeiten der Par-al-le-li-sie-
rung 
 []

)
\tf@toc=\write4
\openout4 = `Masterseite.toc'.

Package babel Info: Redefining german shorthand "f
(babel)             in language  on input line 34.
Package babel Info: Redefining german shorthand "|
(babel)             in language  on input line 34.
Package babel Info: Redefining german shorthand "~
(babel)             in language  on input line 34.
Package babel Info: Redefining german shorthand "f
(babel)             in language  on input line 34.
Package babel Info: Redefining german shorthand "|
(babel)             in language  on input line 34.
Package babel Info: Redefining german shorthand "~
(babel)             in language  on input line 34.
pdfTeX warning (ext4): destination with the same identifier (name{page.I}) has 
been already used, duplicate ignored
<to be read again> 
                   \relax 
l.34 	\cleardoublepage
                       [1


]
Package babel Info: Redefining german shorthand "f
(babel)             in language  on input line 34.
Package babel Info: Redefining german shorthand "|
(babel)             in language  on input line 34.
Package babel Info: Redefining german shorthand "~
(babel)             in language  on input line 34.
Package babel Info: Redefining german shorthand "f
(babel)             in language  on input line 34.
Package babel Info: Redefining german shorthand "|
(babel)             in language  on input line 34.
Package babel Info: Redefining german shorthand "~
(babel)             in language  on input line 34.
 [2

] (Kapitel/1.0_Einleitung_und_Motivation.tex
Kapitel 1.
Package babel Info: Redefining german shorthand "f
(babel)             in language  on input line 6.
Package babel Info: Redefining german shorthand "|
(babel)             in language  on input line 6.
Package babel Info: Redefining german shorthand "~
(babel)             in language  on input line 6.
Package babel Info: Redefining german shorthand "f
(babel)             in language  on input line 8.
Package babel Info: Redefining german shorthand "|
(babel)             in language  on input line 8.
Package babel Info: Redefining german shorthand "~
(babel)             in language  on input line 8.
Package babel Info: Redefining german shorthand "f
(babel)             in language  on input line 12.
Package babel Info: Redefining german shorthand "|
(babel)             in language  on input line 12.
Package babel Info: Redefining german shorthand "~
(babel)             in language  on input line 12.
Package babel Info: Redefining german shorthand "f
(babel)             in language  on input line 24.
Package babel Info: Redefining german shorthand "|
(babel)             in language  on input line 24.
Package babel Info: Redefining german shorthand "~
(babel)             in language  on input line 24.
Package babel Info: Redefining german shorthand "f
(babel)             in language  on input line 24.
Package babel Info: Redefining german shorthand "|
(babel)             in language  on input line 24.
Package babel Info: Redefining german shorthand "~
(babel)             in language  on input line 24.
[1

]
Overfull \hbox (12.40335pt too wide) in paragraph at lines 32--34
[]\T1/cmr/m/n/10.95 Der Pro-zes-sor, auch CPU (Cen-
 []


Overfull \hbox (0.24104pt too wide) in paragraph at lines 36--37
[]\T1/cmr/bx/n/10.95 Instruction-Fetch-Phase (IF), Befehlholungs-Phase\T1/cmr/m
/n/10.95 : In
 []


Overfull \hbox (1.44392pt too wide) in paragraph at lines 38--39
\T1/cmr/m/n/10.95 Phase kann auch als Un-ter-pha-se der Instruction-Decode-Phas
e
 []


Overfull \hbox (6.51373pt too wide) in paragraph at lines 38--39
\T1/cmr/m/n/10.95 be-trach-tet wer-den, da die Ope-ran-den, wel-che in der Inst
ruction-
 []


Overfull \hbox (9.25217pt too wide) in paragraph at lines 38--39
\T1/cmr/m/n/10.95 Decode-Phase er-mit-telt wur-den, in die-ser Pha-se aus dem H
aupt-
 []

Package babel Info: Redefining german shorthand "f
(babel)             in language  on input line 39.
Package babel Info: Redefining german shorthand "|
(babel)             in language  on input line 39.
Package babel Info: Redefining german shorthand "~
(babel)             in language  on input line 39.
Package babel Info: Redefining german shorthand "f
(babel)             in language  on input line 39.
Package babel Info: Redefining german shorthand "|
(babel)             in language  on input line 39.
Package babel Info: Redefining german shorthand "~
(babel)             in language  on input line 39.
[2]
Overfull \hbox (2.83595pt too wide) in paragraph at lines 40--41
\T1/cmr/bx/n/10.95 Phase\T1/cmr/m/n/10.95 : In die-ser Pha-se wer-den die Er-ge
b-nis-se aus der Execute-
 []


Underfull \hbox (badness 10000) in paragraph at lines 43--44

 []

<Abbildungen/Befehlszylus_ohne_Pipelining.png, id=161, 712.1004pt x 104.5506pt>

File: Abbildungen/Befehlszylus_ohne_Pipelining.png Graphic file (type png)
<use Abbildungen/Befehlszylus_ohne_Pipelining.png>
Package pdftex.def Info: Abbildungen/Befehlszylus_ohne_Pipelining.png  used on 
input line 50.
(pdftex.def)             Requested size: 312.9803pt x 45.95134pt.
Package babel Info: Redefining german shorthand "f
(babel)             in language  on input line 58.
Package babel Info: Redefining german shorthand "|
(babel)             in language  on input line 58.
Package babel Info: Redefining german shorthand "~
(babel)             in language  on input line 58.
Package babel Info: Redefining german shorthand "f
(babel)             in language  on input line 58.
Package babel Info: Redefining german shorthand "|
(babel)             in language  on input line 58.
Package babel Info: Redefining german shorthand "~
(babel)             in language  on input line 58.
[3 <./Abbildungen/Befehlszylus_ohne_Pipelining.png>]
Package babel Info: Redefining german shorthand "f
(babel)             in language  on input line 59.
Package babel Info: Redefining german shorthand "|
(babel)             in language  on input line 59.
Package babel Info: Redefining german shorthand "~
(babel)             in language  on input line 59.
LaTeX Font Info:    External font `cmex10' loaded for size
(Font)              <9> on input line 62.
LaTeX Font Info:    External font `cmex10' loaded for size
(Font)              <5> on input line 62.

Underfull \hbox (badness 10000) in paragraph at lines 61--63

 []

Package babel Info: Redefining german shorthand "f
(babel)             in language  on input line 64.
Package babel Info: Redefining german shorthand "|
(babel)             in language  on input line 64.
Package babel Info: Redefining german shorthand "~
(babel)             in language  on input line 64.

Underfull \vbox (badness 10000) has occurred while \output is active []

Package babel Info: Redefining german shorthand "f
(babel)             in language  on input line 68.
Package babel Info: Redefining german shorthand "|
(babel)             in language  on input line 68.
Package babel Info: Redefining german shorthand "~
(babel)             in language  on input line 68.
Package babel Info: Redefining german shorthand "f
(babel)             in language  on input line 68.
Package babel Info: Redefining german shorthand "|
(babel)             in language  on input line 68.
Package babel Info: Redefining german shorthand "~
(babel)             in language  on input line 68.
 [4]
Package babel Info: Redefining german shorthand "f
(babel)             in language  on input line 74.
Package babel Info: Redefining german shorthand "|
(babel)             in language  on input line 74.
Package babel Info: Redefining german shorthand "~
(babel)             in language  on input line 74.
Package babel Info: Redefining german shorthand "f
(babel)             in language  on input line 80.
Package babel Info: Redefining german shorthand "|
(babel)             in language  on input line 80.
Package babel Info: Redefining german shorthand "~
(babel)             in language  on input line 80.
Package babel Info: Redefining german shorthand "f
(babel)             in language  on input line 80.
Package babel Info: Redefining german shorthand "|
(babel)             in language  on input line 80.
Package babel Info: Redefining german shorthand "~
(babel)             in language  on input line 80.

[5]
<Abbildungen/Moorsches_Gesetz.png, id=202, 803.0pt x 721.69624pt>
File: Abbildungen/Moorsches_Gesetz.png Graphic file (type png)
<use Abbildungen/Moorsches_Gesetz.png>
Package pdftex.def Info: Abbildungen/Moorsches_Gesetz.png  used on input line 8
3.
(pdftex.def)             Requested size: 312.9803pt x 281.29523pt.
Package babel Info: Redefining german shorthand "f
(babel)             in language  on input line 88.
Package babel Info: Redefining german shorthand "|
(babel)             in language  on input line 88.
Package babel Info: Redefining german shorthand "~
(babel)             in language  on input line 88.
)
Package babel Info: Redefining german shorthand "f
(babel)             in language  on input line 40.
Package babel Info: Redefining german shorthand "|
(babel)             in language  on input line 40.
Package babel Info: Redefining german shorthand "~
(babel)             in language  on input line 40.
Package babel Info: Redefining german shorthand "f
(babel)             in language  on input line 40.
Package babel Info: Redefining german shorthand "|
(babel)             in language  on input line 40.
Package babel Info: Redefining german shorthand "~
(babel)             in language  on input line 40.
 [6 <./Abbildungen/Moorsches_Gesetz.png>]
Package babel Info: Redefining german shorthand "f
(babel)             in language  on input line 41.
Package babel Info: Redefining german shorthand "|
(babel)             in language  on input line 41.
Package babel Info: Redefining german shorthand "~
(babel)             in language  on input line 41.
Package babel Info: Redefining german shorthand "f
(babel)             in language  on input line 41.
Package babel Info: Redefining german shorthand "|
(babel)             in language  on input line 41.
Package babel Info: Redefining german shorthand "~
(babel)             in language  on input line 41.
 [7]
Package babel Info: Redefining german shorthand "f
(babel)             in language  on input line 41.
Package babel Info: Redefining german shorthand "|
(babel)             in language  on input line 41.
Package babel Info: Redefining german shorthand "~
(babel)             in language  on input line 41.
Package babel Info: Redefining german shorthand "f
(babel)             in language  on input line 41.
Package babel Info: Redefining german shorthand "|
(babel)             in language  on input line 41.
Package babel Info: Redefining german shorthand "~
(babel)             in language  on input line 41.
 [8

]
(Kapitel/2.0_Theoretische_Grundbegriffe_und_Konzepte.tex
Kapitel 2.
Package babel Info: Redefining german shorthand "f
(babel)             in language  on input line 6.
Package babel Info: Redefining german shorthand "|
(babel)             in language  on input line 6.
Package babel Info: Redefining german shorthand "~
(babel)             in language  on input line 6.
Package babel Info: Redefining german shorthand "f
(babel)             in language  on input line 8.
Package babel Info: Redefining german shorthand "|
(babel)             in language  on input line 8.
Package babel Info: Redefining german shorthand "~
(babel)             in language  on input line 8.
Package babel Info: Redefining german shorthand "f
(babel)             in language  on input line 12.
Package babel Info: Redefining german shorthand "|
(babel)             in language  on input line 12.
Package babel Info: Redefining german shorthand "~
(babel)             in language  on input line 12.
Package babel Info: Redefining german shorthand "f
(babel)             in language  on input line 18.
Package babel Info: Redefining german shorthand "|
(babel)             in language  on input line 18.
Package babel Info: Redefining german shorthand "~
(babel)             in language  on input line 18.
Package babel Info: Redefining german shorthand "f
(babel)             in language  on input line 18.
Package babel Info: Redefining german shorthand "|
(babel)             in language  on input line 18.
Package babel Info: Redefining german shorthand "~
(babel)             in language  on input line 18.
[9

]
Package babel Info: Redefining german shorthand "f
(babel)             in language  on input line 19.
Package babel Info: Redefining german shorthand "|
(babel)             in language  on input line 19.
Package babel Info: Redefining german shorthand "~
(babel)             in language  on input line 19.
Package babel Info: Redefining german shorthand "f
(babel)             in language  on input line 26.
Package babel Info: Redefining german shorthand "|
(babel)             in language  on input line 26.
Package babel Info: Redefining german shorthand "~
(babel)             in language  on input line 26.

Overfull \hbox (5.45717pt too wide) in paragraph at lines 28--31
\T1/cmr/m/n/10.95 Abarbeitungsstrang auf die Ter-mi-nie-rung \T1/cmr/m/it/10.95
 al-ler \T1/cmr/m/n/10.95 Kind-Abarbeitungsstränge
 []


Underfull \vbox (badness 10000) has occurred while \output is active []

Package babel Info: Redefining german shorthand "f
(babel)             in language  on input line 31.
Package babel Info: Redefining german shorthand "|
(babel)             in language  on input line 31.
Package babel Info: Redefining german shorthand "~
(babel)             in language  on input line 31.
Package babel Info: Redefining german shorthand "f
(babel)             in language  on input line 31.
Package babel Info: Redefining german shorthand "|
(babel)             in language  on input line 31.
Package babel Info: Redefining german shorthand "~
(babel)             in language  on input line 31.
 [10]
Package babel Info: Redefining german shorthand "f
(babel)             in language  on input line 39.
Package babel Info: Redefining german shorthand "|
(babel)             in language  on input line 39.
Package babel Info: Redefining german shorthand "~
(babel)             in language  on input line 39.

Overfull \hbox (2.15712pt too wide) in paragraph at lines 45--47
\T1/cmr/m/n/10.95 kom-men von-ein-an-der un-ab-hän-gig ab-ge-ar-bei-tet wer-den
 kön-nen. Exi-
 []

Package babel Info: Redefining german shorthand "f
(babel)             in language  on input line 47.
Package babel Info: Redefining german shorthand "|
(babel)             in language  on input line 47.
Package babel Info: Redefining german shorthand "~
(babel)             in language  on input line 47.
Package babel Info: Redefining german shorthand "f
(babel)             in language  on input line 47.
Package babel Info: Redefining german shorthand "|
(babel)             in language  on input line 47.
Package babel Info: Redefining german shorthand "~
(babel)             in language  on input line 47.
[11]
Overfull \hbox (168.14978pt too wide) in paragraph at lines 53--56
\T1/cmr/m/n/10.95 http://ddi.cs.uni-potsdam.de/HyFISCH/Produzieren/SeminarDidak
tik/Nebenlaeufigkeit/nebenlaeufig.htm
 []


Overfull \hbox (8.04802pt too wide) in paragraph at lines 53--56
\T1/cmr/m/n/10.95 https://www-vs.informatik.uni-ulm.de/teach/ss03/ti1/2003s-TI1
-H-Proc-
 []

Package babel Info: Redefining german shorthand "f
(babel)             in language  on input line 57.
Package babel Info: Redefining german shorthand "|
(babel)             in language  on input line 57.
Package babel Info: Redefining german shorthand "~
(babel)             in language  on input line 57.

Overfull \hbox (2.96597pt too wide) in paragraph at lines 61--61
[]\T1/cmr/bx/n/12 Implementierungsmöglichkeiten der Par-al-le-li-sie-rung
 []

Package babel Info: Redefining german shorthand "f
(babel)             in language  on input line 61.
Package babel Info: Redefining german shorthand "|
(babel)             in language  on input line 61.
Package babel Info: Redefining german shorthand "~
(babel)             in language  on input line 61.
Package babel Info: Redefining german shorthand "f
(babel)             in language  on input line 72.
Package babel Info: Redefining german shorthand "|
(babel)             in language  on input line 72.
Package babel Info: Redefining german shorthand "~
(babel)             in language  on input line 72.
Package babel Info: Redefining german shorthand "f
(babel)             in language  on input line 72.
Package babel Info: Redefining german shorthand "|
(babel)             in language  on input line 72.
Package babel Info: Redefining german shorthand "~
(babel)             in language  on input line 72.
[12]
<Abbildungen/Befehlszylus_mit_Pipelining.png, id=262, 419.6478pt x 107.9232pt>
File: Abbildungen/Befehlszylus_mit_Pipelining.png Graphic file (type png)
<use Abbildungen/Befehlszylus_mit_Pipelining.png>
Package pdftex.def Info: Abbildungen/Befehlszylus_mit_Pipelining.png  used on i
nput line 75.
(pdftex.def)             Requested size: 312.9803pt x 80.49426pt.

Overfull \hbox (7.77298pt too wide) in paragraph at lines 80--82
\T1/cmr/m/n/10.95 https://www.elektronik-kompendium.de/sites/com/1705221.htm --
> Viel-
 []


Overfull \hbox (2.89642pt too wide) in paragraph at lines 80--82
\T1/cmr/m/n/10.95 leicht Netzwerktechnik-Fibel: Grund-la-gen, Über-tra-gungs-te
ch-nik und Pro-
 []


Underfull \vbox (badness 10000) has occurred while \output is active []

Package babel Info: Redefining german shorthand "f
(babel)             in language  on input line 82.
Package babel Info: Redefining german shorthand "|
(babel)             in language  on input line 82.
Package babel Info: Redefining german shorthand "~
(babel)             in language  on input line 82.
Package babel Info: Redefining german shorthand "f
(babel)             in language  on input line 82.
Package babel Info: Redefining german shorthand "|
(babel)             in language  on input line 82.
Package babel Info: Redefining german shorthand "~
(babel)             in language  on input line 82.
 [13 <./Abbildungen/Befehlszylus_mit_Pipelining.png>]
Overfull \hbox (2.96597pt too wide) in paragraph at lines 92--92
[]\T1/cmr/bx/n/12 Implementierungsmöglichkeiten der Par-al-le-li-sie-rung
 []

Package babel Info: Redefining german shorthand "f
(babel)             in language  on input line 92.
Package babel Info: Redefining german shorthand "|
(babel)             in language  on input line 92.
Package babel Info: Redefining german shorthand "~
(babel)             in language  on input line 92.
Package babel Info: Redefining german shorthand "f
(babel)             in language  on input line 98.
Package babel Info: Redefining german shorthand "|
(babel)             in language  on input line 98.
Package babel Info: Redefining german shorthand "~
(babel)             in language  on input line 98.
Package babel Info: Redefining german shorthand "f
(babel)             in language  on input line 98.
Package babel Info: Redefining german shorthand "|
(babel)             in language  on input line 98.
Package babel Info: Redefining german shorthand "~
(babel)             in language  on input line 98.
[14]
Package babel Info: Redefining german shorthand "f
(babel)             in language  on input line 116.
Package babel Info: Redefining german shorthand "|
(babel)             in language  on input line 116.
Package babel Info: Redefining german shorthand "~
(babel)             in language  on input line 116.
Package babel Info: Redefining german shorthand "f
(babel)             in language  on input line 116.
Package babel Info: Redefining german shorthand "|
(babel)             in language  on input line 116.
Package babel Info: Redefining german shorthand "~
(babel)             in language  on input line 116.
 [15]
<Abbildungen/Prozesszustaende.png, id=287, 625.8582pt x 337.26pt>
File: Abbildungen/Prozesszustaende.png Graphic file (type png)
<use Abbildungen/Prozesszustaende.png>
Package pdftex.def Info: Abbildungen/Prozesszustaende.png  used on input line 1
29.
(pdftex.def)             Requested size: 312.9803pt x 168.66046pt.
Package babel Info: Redefining german shorthand "f
(babel)             in language  on input line 141.
Package babel Info: Redefining german shorthand "|
(babel)             in language  on input line 141.
Package babel Info: Redefining german shorthand "~
(babel)             in language  on input line 141.
Package babel Info: Redefining german shorthand "f
(babel)             in language  on input line 141.
Package babel Info: Redefining german shorthand "|
(babel)             in language  on input line 141.
Package babel Info: Redefining german shorthand "~
(babel)             in language  on input line 141.
 [16]
LaTeX Font Info:    Try loading font information for OMS+cmr on input line 146.


("C:\Users\Thomas Mittermair\AppData\Local\Programs\MiKTeX 2.9\tex\latex\base\o
mscmr.fd"
File: omscmr.fd 2014/09/29 v2.5h Standard LaTeX font definitions
)
LaTeX Font Info:    Font shape `OMS/cmr/m/n' in size <10.95> not available
(Font)              Font shape `OMS/cmsy/m/n' tried instead on input line 146.
Package babel Info: Redefining german shorthand "f
(babel)             in language  on input line 150.
Package babel Info: Redefining german shorthand "|
(babel)             in language  on input line 150.
Package babel Info: Redefining german shorthand "~
(babel)             in language  on input line 150.
Package babel Info: Redefining german shorthand "f
(babel)             in language  on input line 150.
Package babel Info: Redefining german shorthand "|
(babel)             in language  on input line 150.
Package babel Info: Redefining german shorthand "~
(babel)             in language  on input line 150.
 [17 <./Abbildungen/Prozesszustaende.png>]
Overfull \hbox (15.83763pt too wide) in paragraph at lines 156--158
\T1/cmr/m/n/10.95 fragt wer-den und wel-che zur Ver-fü-gung ste-hen wer-den. De
r Scheduling-
 []


Underfull \hbox (badness 10000) in paragraph at lines 156--158

 []


Overfull \hbox (5.13087pt too wide) in paragraph at lines 160--161
[]\T1/cmr/bx/n/10.95 Scheduling in Stapelverarbeitungs-Systemen: First Co-
 []


Overfull \hbox (2.29112pt too wide) in paragraph at lines 161--162
[]\T1/cmr/bx/n/10.95 Scheduling in Stapelverarbeitungs-Systemen: Shor-test
 []

Package babel Info: Redefining german shorthand "f
(babel)             in language  on input line 162.
Package babel Info: Redefining german shorthand "|
(babel)             in language  on input line 162.
Package babel Info: Redefining german shorthand "~
(babel)             in language  on input line 162.
Package babel Info: Redefining german shorthand "f
(babel)             in language  on input line 162.
Package babel Info: Redefining german shorthand "|
(babel)             in language  on input line 162.
Package babel Info: Redefining german shorthand "~
(babel)             in language  on input line 162.
[18]
Overfull \hbox (27.03427pt too wide) in paragraph at lines 163--164
\T1/cmr/bx/n/10.95 sier-tes Sche-du-ling\T1/cmr/m/n/10.95 : Bei Ver-wen-dung de
s Round-Robin-Scheduling
 []

Package babel Info: Redefining german shorthand "f
(babel)             in language  on input line 164.
Package babel Info: Redefining german shorthand "|
(babel)             in language  on input line 164.
Package babel Info: Redefining german shorthand "~
(babel)             in language  on input line 164.
Package babel Info: Redefining german shorthand "f
(babel)             in language  on input line 164.
Package babel Info: Redefining german shorthand "|
(babel)             in language  on input line 164.
Package babel Info: Redefining german shorthand "~
(babel)             in language  on input line 164.
[19]
Underfull \hbox (badness 10000) in paragraph at lines 170--173

 []


Underfull \hbox (badness 10000) in paragraph at lines 175--176

 []


Underfull \hbox (badness 10000) in paragraph at lines 176--177

 []

Package babel Info: Redefining german shorthand "f
(babel)             in language  on input line 183.
Package babel Info: Redefining german shorthand "|
(babel)             in language  on input line 183.
Package babel Info: Redefining german shorthand "~
(babel)             in language  on input line 183.
Package babel Info: Redefining german shorthand "f
(babel)             in language  on input line 183.
Package babel Info: Redefining german shorthand "|
(babel)             in language  on input line 183.
Package babel Info: Redefining german shorthand "~
(babel)             in language  on input line 183.
[20]
Overfull \hbox (23.46739pt too wide) in paragraph at lines 191--192
\T1/cmr/m/n/10.95 Zustand, Bereit-Zustand, Blockiert-Zustand und Beendet-Zustan
d. 
 []


Overfull \hbox (1.32661pt too wide) in paragraph at lines 198--200
[]\T1/cmr/m/n/10.95 Während Pro-zes-se meist voll-kom-men
 []

Package babel Info: Redefining german shorthand "f
(babel)             in language  on input line 200.
Package babel Info: Redefining german shorthand "|
(babel)             in language  on input line 200.
Package babel Info: Redefining german shorthand "~
(babel)             in language  on input line 200.
Package babel Info: Redefining german shorthand "f
(babel)             in language  on input line 200.
Package babel Info: Redefining german shorthand "|
(babel)             in language  on input line 200.
Package babel Info: Redefining german shorthand "~
(babel)             in language  on input line 200.
[21]
Overfull \hbox (0.54247pt too wide) in paragraph at lines 209--212
[]\T1/cmr/m/n/10.95 Normalerweise sind Threads \T1/cmr/m/it/10.95 joina-
 []

Package babel Info: Redefining german shorthand "f
(babel)             in language  on input line 212.
Package babel Info: Redefining german shorthand "|
(babel)             in language  on input line 212.
Package babel Info: Redefining german shorthand "~
(babel)             in language  on input line 212.
Package babel Info: Redefining german shorthand "f
(babel)             in language  on input line 212.
Package babel Info: Redefining german shorthand "|
(babel)             in language  on input line 212.
Package babel Info: Redefining german shorthand "~
(babel)             in language  on input line 212.
[22]
Overfull \hbox (2.9301pt too wide) in paragraph at lines 215--218
\T1/cmr/m/n/10.95 Prozess-Scheduler weist da-bei ein-fach den ein-zel-nen Pro-z
es-sen nach-
 []

Package babel Info: Redefining german shorthand "f
(babel)             in language  on input line 221.
Package babel Info: Redefining german shorthand "|
(babel)             in language  on input line 221.
Package babel Info: Redefining german shorthand "~
(babel)             in language  on input line 221.

Package hyperref Warning: Token not allowed in a PDF string (PDFDocEncoding):
(hyperref)                removing `\@ifnextchar' on input line 221.

Package babel Info: Redefining german shorthand "f
(babel)             in language  on input line 229.
Package babel Info: Redefining german shorthand "|
(babel)             in language  on input line 229.
Package babel Info: Redefining german shorthand "~
(babel)             in language  on input line 229.
Package babel Info: Redefining german shorthand "f
(babel)             in language  on input line 229.
Package babel Info: Redefining german shorthand "|
(babel)             in language  on input line 229.
Package babel Info: Redefining german shorthand "~
(babel)             in language  on input line 229.
[23]
Package babel Info: Redefining german shorthand "f
(babel)             in language  on input line 234.
Package babel Info: Redefining german shorthand "|
(babel)             in language  on input line 234.
Package babel Info: Redefining german shorthand "~
(babel)             in language  on input line 234.
Package babel Info: Redefining german shorthand "f
(babel)             in language  on input line 253.
Package babel Info: Redefining german shorthand "|
(babel)             in language  on input line 253.
Package babel Info: Redefining german shorthand "~
(babel)             in language  on input line 253.
Package babel Info: Redefining german shorthand "f
(babel)             in language  on input line 253.
Package babel Info: Redefining german shorthand "|
(babel)             in language  on input line 253.
Package babel Info: Redefining german shorthand "~
(babel)             in language  on input line 253.
 [24]
<Abbildungen/Zeitkritischer_Ablauf_Drucker_Spooler.png, id=363, 442.2924pt x 40
8.5664pt>
File: Abbildungen/Zeitkritischer_Ablauf_Drucker_Spooler.png Graphic file (type 
png)
<use Abbildungen/Zeitkritischer_Ablauf_Drucker_Spooler.png>
Package pdftex.def Info: Abbildungen/Zeitkritischer_Ablauf_Drucker_Spooler.png 
 used on input line 256.
(pdftex.def)             Requested size: 170.71652pt x 157.70065pt.
Package babel Info: Redefining german shorthand "f
(babel)             in language  on input line 266.
Package babel Info: Redefining german shorthand "|
(babel)             in language  on input line 266.
Package babel Info: Redefining german shorthand "~
(babel)             in language  on input line 266.
Package babel Info: Redefining german shorthand "f
(babel)             in language  on input line 266.
Package babel Info: Redefining german shorthand "|
(babel)             in language  on input line 266.
Package babel Info: Redefining german shorthand "~
(babel)             in language  on input line 266.
 [25]
Package babel Info: Redefining german shorthand "f
(babel)             in language  on input line 275.
Package babel Info: Redefining german shorthand "|
(babel)             in language  on input line 275.
Package babel Info: Redefining german shorthand "~
(babel)             in language  on input line 275.
Package babel Info: Redefining german shorthand "f
(babel)             in language  on input line 275.
Package babel Info: Redefining german shorthand "|
(babel)             in language  on input line 275.
Package babel Info: Redefining german shorthand "~
(babel)             in language  on input line 275.
 [26 <./Abbildungen/Zeitkritischer_Ablauf_Drucker_Spooler.png>]
<Abbildungen/Deadlock_Schema.png, id=380, 467.8278pt x 292.4526pt>
File: Abbildungen/Deadlock_Schema.png Graphic file (type png)
<use Abbildungen/Deadlock_Schema.png>
Package pdftex.def Info: Abbildungen/Deadlock_Schema.png  used on input line 27
8.
(pdftex.def)             Requested size: 227.62204pt x 142.29451pt.
Package babel Info: Redefining german shorthand "f
(babel)             in language  on input line 287.
Package babel Info: Redefining german shorthand "|
(babel)             in language  on input line 287.
Package babel Info: Redefining german shorthand "~
(babel)             in language  on input line 287.
Package babel Info: Redefining german shorthand "f
(babel)             in language  on input line 287.
Package babel Info: Redefining german shorthand "|
(babel)             in language  on input line 287.
Package babel Info: Redefining german shorthand "~
(babel)             in language  on input line 287.

[27 <./Abbildungen/Deadlock_Schema.png>]
Overfull \hbox (8.14214pt too wide) in paragraph at lines 300--302
[]\T1/cmr/m/n/10.95 Ist beim Ent-wickeln
 []

Package babel Info: Redefining german shorthand "f
(babel)             in language  on input line 302.
Package babel Info: Redefining german shorthand "|
(babel)             in language  on input line 302.
Package babel Info: Redefining german shorthand "~
(babel)             in language  on input line 302.
Package babel Info: Redefining german shorthand "f
(babel)             in language  on input line 302.
Package babel Info: Redefining german shorthand "|
(babel)             in language  on input line 302.
Package babel Info: Redefining german shorthand "~
(babel)             in language  on input line 302.
[28]
Overfull \hbox (8.17102pt too wide) in paragraph at lines 303--304
[]\T1/cmr/m/n/10.95 Die ra-di-kal-
 []

Package babel Info: Redefining german shorthand "f
(babel)             in language  on input line 309.
Package babel Info: Redefining german shorthand "|
(babel)             in language  on input line 309.
Package babel Info: Redefining german shorthand "~
(babel)             in language  on input line 309.
Package babel Info: Redefining german shorthand "f
(babel)             in language  on input line 309.
Package babel Info: Redefining german shorthand "|
(babel)             in language  on input line 309.
Package babel Info: Redefining german shorthand "~
(babel)             in language  on input line 309.
[29]
Overfull \hbox (11.63951pt too wide) in paragraph at lines 316--327
\T1/cmr/m/n/10.95 Zunächst wird an-ge-nom-men, dass es zum er-sten Zu-stand kom
mt.
 []

Package babel Info: Redefining german shorthand "f
(babel)             in language  on input line 327.
Package babel Info: Redefining german shorthand "|
(babel)             in language  on input line 327.
Package babel Info: Redefining german shorthand "~
(babel)             in language  on input line 327.
Package babel Info: Redefining german shorthand "f
(babel)             in language  on input line 327.
Package babel Info: Redefining german shorthand "|
(babel)             in language  on input line 327.
Package babel Info: Redefining german shorthand "~
(babel)             in language  on input line 327.
[30]
Package babel Info: Redefining german shorthand "f
(babel)             in language  on input line 327.
Package babel Info: Redefining german shorthand "|
(babel)             in language  on input line 327.
Package babel Info: Redefining german shorthand "~
(babel)             in language  on input line 327.
Package babel Info: Redefining german shorthand "f
(babel)             in language  on input line 327.
Package babel Info: Redefining german shorthand "|
(babel)             in language  on input line 327.
Package babel Info: Redefining german shorthand "~
(babel)             in language  on input line 327.
 [31]
Package babel Info: Redefining german shorthand "f
(babel)             in language  on input line 327.
Package babel Info: Redefining german shorthand "|
(babel)             in language  on input line 327.
Package babel Info: Redefining german shorthand "~
(babel)             in language  on input line 327.
Package babel Info: Redefining german shorthand "f
(babel)             in language  on input line 327.
Package babel Info: Redefining german shorthand "|
(babel)             in language  on input line 327.
Package babel Info: Redefining german shorthand "~
(babel)             in language  on input line 327.
 [32]
Overfull \hbox (99.87177pt too wide) in paragraph at lines 330--339
[][]
 []


Overfull \hbox (99.87177pt too wide) in paragraph at lines 343--352
[][]
 []


Overfull \hbox (99.87177pt too wide) in paragraph at lines 356--365
[][]
 []


Underfull \vbox (badness 10000) has occurred while \output is active []

Package babel Info: Redefining german shorthand "f
(babel)             in language  on input line 376.
Package babel Info: Redefining german shorthand "|
(babel)             in language  on input line 376.
Package babel Info: Redefining german shorthand "~
(babel)             in language  on input line 376.
Package babel Info: Redefining german shorthand "f
(babel)             in language  on input line 376.
Package babel Info: Redefining german shorthand "|
(babel)             in language  on input line 376.
Package babel Info: Redefining german shorthand "~
(babel)             in language  on input line 376.
 [33]
Package babel Info: Redefining german shorthand "f
(babel)             in language  on input line 376.
Package babel Info: Redefining german shorthand "|
(babel)             in language  on input line 376.
Package babel Info: Redefining german shorthand "~
(babel)             in language  on input line 376.
Package babel Info: Redefining german shorthand "f
(babel)             in language  on input line 376.
Package babel Info: Redefining german shorthand "|
(babel)             in language  on input line 376.
Package babel Info: Redefining german shorthand "~
(babel)             in language  on input line 376.

[34]
Package babel Info: Redefining german shorthand "f
(babel)             in language  on input line 377.
Package babel Info: Redefining german shorthand "|
(babel)             in language  on input line 377.
Package babel Info: Redefining german shorthand "~
(babel)             in language  on input line 377.

Underfull \hbox (badness 10000) in paragraph at lines 381--383

 []

Package babel Info: Redefining german shorthand "f
(babel)             in language  on input line 383.
Package babel Info: Redefining german shorthand "|
(babel)             in language  on input line 383.
Package babel Info: Redefining german shorthand "~
(babel)             in language  on input line 383.
Package babel Info: Redefining german shorthand "f
(babel)             in language  on input line 383.
Package babel Info: Redefining german shorthand "|
(babel)             in language  on input line 383.
Package babel Info: Redefining german shorthand "~
(babel)             in language  on input line 383.
[35]
<Abbildungen/Mutex_kritische_Regionen.jpg, id=458, 356.532pt x 178.38644pt>
File: Abbildungen/Mutex_kritische_Regionen.jpg Graphic file (type jpg)
<use Abbildungen/Mutex_kritische_Regionen.jpg>
Package pdftex.def Info: Abbildungen/Mutex_kritische_Regionen.jpg  used on inpu
t line 395.
(pdftex.def)             Requested size: 312.9803pt x 156.60764pt.

Underfull \hbox (badness 10000) in paragraph at lines 400--401

 []


Overfull \hbox (7.97157pt too wide) in paragraph at lines 404--408
[]\T1/cmr/m/n/10.95 Um zu ver-ste-hen, wie die-se Rea-
 []

Package babel Info: Redefining german shorthand "f
(babel)             in language  on input line 408.
Package babel Info: Redefining german shorthand "|
(babel)             in language  on input line 408.
Package babel Info: Redefining german shorthand "~
(babel)             in language  on input line 408.
Package babel Info: Redefining german shorthand "f
(babel)             in language  on input line 408.
Package babel Info: Redefining german shorthand "|
(babel)             in language  on input line 408.
Package babel Info: Redefining german shorthand "~
(babel)             in language  on input line 408.
[36]
Package babel Info: Redefining german shorthand "f
(babel)             in language  on input line 413.
Package babel Info: Redefining german shorthand "|
(babel)             in language  on input line 413.
Package babel Info: Redefining german shorthand "~
(babel)             in language  on input line 413.
Package babel Info: Redefining german shorthand "f
(babel)             in language  on input line 413.
Package babel Info: Redefining german shorthand "|
(babel)             in language  on input line 413.
Package babel Info: Redefining german shorthand "~
(babel)             in language  on input line 413.
 [37 <./Abbildungen/Mutex_kritische_Regionen.jpg>]
Package babel Info: Redefining german shorthand "f
(babel)             in language  on input line 415.
Package babel Info: Redefining german shorthand "|
(babel)             in language  on input line 415.
Package babel Info: Redefining german shorthand "~
(babel)             in language  on input line 415.
Package babel Info: Redefining german shorthand "f
(babel)             in language  on input line 415.
Package babel Info: Redefining german shorthand "|
(babel)             in language  on input line 415.
Package babel Info: Redefining german shorthand "~
(babel)             in language  on input line 415.
 [38]
Overfull \hbox (130.1718pt too wide) in paragraph at lines 417--418
[][][][][][][][][][] 
 []


Overfull \hbox (6.29213pt too wide) in paragraph at lines 420--426
\T1/cmr/m/it/10.95 Re-gi-on \T1/cmr/m/n/10.95 und \T1/cmr/m/it/10.95 lea-veR-eg
i-on \T1/cmr/m/n/10.95 schrei-ben. Das \T1/cmr/m/it/10.95 en-ter-Re-gi-on\T1/cm
r/m/n/10.95 -Unterprogramm
 []

Package babel Info: Redefining german shorthand "f
(babel)             in language  on input line 426.
Package babel Info: Redefining german shorthand "|
(babel)             in language  on input line 426.
Package babel Info: Redefining german shorthand "~
(babel)             in language  on input line 426.
Package babel Info: Redefining german shorthand "f
(babel)             in language  on input line 426.
Package babel Info: Redefining german shorthand "|
(babel)             in language  on input line 426.
Package babel Info: Redefining german shorthand "~
(babel)             in language  on input line 426.
[39])
Package babel Info: Redefining german shorthand "f
(babel)             in language  on input line 45.
Package babel Info: Redefining german shorthand "|
(babel)             in language  on input line 45.
Package babel Info: Redefining german shorthand "~
(babel)             in language  on input line 45.
Package babel Info: Redefining german shorthand "f
(babel)             in language  on input line 45.
Package babel Info: Redefining german shorthand "|
(babel)             in language  on input line 45.
Package babel Info: Redefining german shorthand "~
(babel)             in language  on input line 45.
 [40] (Masterseite.bbl
Package babel Info: Redefining german shorthand "f
(babel)             in language  on input line 1.
Package babel Info: Redefining german shorthand "|
(babel)             in language  on input line 1.
Package babel Info: Redefining german shorthand "~
(babel)             in language  on input line 1.
Package babel Info: Redefining german shorthand "f
(babel)             in language  on input line 63.
Package babel Info: Redefining german shorthand "|
(babel)             in language  on input line 63.
Package babel Info: Redefining german shorthand "~
(babel)             in language  on input line 63.
Package babel Info: Redefining german shorthand "f
(babel)             in language  on input line 63.
Package babel Info: Redefining german shorthand "|
(babel)             in language  on input line 63.
Package babel Info: Redefining german shorthand "~
(babel)             in language  on input line 63.
 [41


]
Underfull \hbox (badness 2435) in paragraph at lines 96--97
[]\T1/cmr/m/n/10.95 d. f. B. Wi-ki-books, ``Com-pu-ter-hard-wa-re: Haupt-pla-ti
-ne: Bus:
 []


Underfull \hbox (badness 8019) in paragraph at lines 99--101
[]\T1/cmr/m/n/10.95 d. f. B. Wi-ki-books, ``Assembler-Programmierung für x86-
 []

)
Package atveryend Info: Empty hook `BeforeClearDocument' on input line 48.
Package babel Info: Redefining german shorthand "f
(babel)             in language  on input line 48.
Package babel Info: Redefining german shorthand "|
(babel)             in language  on input line 48.
Package babel Info: Redefining german shorthand "~
(babel)             in language  on input line 48.
Package babel Info: Redefining german shorthand "f
(babel)             in language  on input line 48.
Package babel Info: Redefining german shorthand "|
(babel)             in language  on input line 48.
Package babel Info: Redefining german shorthand "~
(babel)             in language  on input line 48.
 [42]
Package atveryend Info: Empty hook `AfterLastShipout' on input line 48.
 (Masterseite.aux)
Package atveryend Info: Executing hook `AtVeryEndDocument' on input line 48.
Package atveryend Info: Executing hook `AtEndAfterFileList' on input line 48.
Package rerunfilecheck Info: File `Masterseite.out' has not changed.
(rerunfilecheck)             Checksum: C32A590311DA10BD6C5631E967E7C839;1849.
Package atveryend Info: Empty hook `AtVeryVeryEnd' on input line 48.
 ) 
Here is how much of TeX's memory you used:
 8362 strings out of 493303
 122811 string characters out of 3124562
 218996 words of memory out of 3000000
 11629 multiletter control sequences out of 15000+200000
 19460 words of font info for 42 fonts, out of 3000000 for 9000
 1141 hyphenation exceptions out of 8191
 31i,10n,43p,1689b,1034s stack positions out of 5000i,500n,10000p,200000b,50000s
 <C:\Users\Thomas Mittermair\AppData\Local\MiKTeX\2.9\fonts\pk\ljfour\jknappe
n\ec\dpi600\ecti0900.pk> <C:\Users\Thomas Mittermair\AppData\Local\MiKTeX\2.9\f
onts\pk\ljfour\jknappen\ec\dpi600\ecrm0900.pk> <C:\Users\Thomas Mittermair\AppD
ata\Local\MiKTeX\2.9\fonts\pk\ljfour\jknappen\ec\dpi600\ecrm0600.pk> <C:\Users\
Thomas Mittermair\AppData\Local\MiKTeX\2.9\fonts\pk\ljfour\jknappen\ec\dpi600\e
crm0800.pk> <C:\Users\Thomas Mittermair\AppData\Local\MiKTeX\2.9\fonts\pk\ljfou
r\jknappen\ec\dpi600\ecbx1200.pk> <C:\Users\Thomas Mittermair\AppData\Local\MiK
TeX\2.9\fonts\pk\ljfour\jknappen\ec\dpi600\ecbx1440.pk> <C:\Users\Thomas Mitter
mair\AppData\Local\MiKTeX\2.9\fonts\pk\ljfour\jknappen\ec\dpi600\ecbx2074.pk> <
C:\Users\Thomas Mittermair\AppData\Local\MiKTeX\2.9\fonts\pk\ljfour\jknappen\ec
\dpi600\ecti1095.pk> <C:\Users\Thomas Mittermair\AppData\Local\MiKTeX\2.9\fonts
\pk\ljfour\jknappen\ec\dpi600\ecbx2488.pk> <C:\Users\Thomas Mittermair\AppData\
Local\MiKTeX\2.9\fonts\pk\ljfour\jknappen\ec\dpi600\ecbx1095.pk> <C:\Users\Thom
as Mittermair\AppData\Local\MiKTeX\2.9\fonts\pk\ljfour\jknappen\ec\dpi600\ecrm1
095.pk> <C:\Users\Thomas Mittermair\AppData\Local\MiKTeX\2.9\fonts\pk\ljfour\jk
nappen\ec\dpi600\ecrm1728.pk> <C:\Users\Thomas Mittermair\AppData\Local\MiKTeX\
2.9\fonts\pk\ljfour\jknappen\ec\dpi600\ecrm1200.pk><C:/Users/Thomas Mittermair/
AppData/Local/Programs/MiKTeX 2.9/fonts/type1/public/amsfonts/cm/cmmi10.pfb><C:
/Users/Thomas Mittermair/AppData/Local/Programs/MiKTeX 2.9/fonts/type1/public/a
msfonts/cm/cmr10.pfb><C:/Users/Thomas Mittermair/AppData/Local/Programs/MiKTeX 
2.9/fonts/type1/public/amsfonts/cm/cmr8.pfb><C:/Users/Thomas Mittermair/AppData
/Local/Programs/MiKTeX 2.9/fonts/type1/public/amsfonts/cm/cmsy10.pfb>
Output written on Masterseite.pdf (46 pages, 1221096 bytes).
PDF statistics:
 1086 PDF objects out of 1200 (max. 8388607)
 148 named destinations out of 1000 (max. 500000)
 201 words of extra memory for PDF output out of 10000 (max. 10000000)

