\BOOKMARK [0][-]{chapter.1}{Einleitung und Motivation}{}% 1
\BOOKMARK [1][-]{section.1.1}{Einf\374hrung in die Problematik der Parallelisierung}{chapter.1}% 2
\BOOKMARK [2][-]{subsection.1.1.1}{Begriffe der Sequentialit\344t und Parallelit\344t}{section.1.1}% 3
\BOOKMARK [1][-]{section.1.2}{Gr\374nde f\374r das parallele Programmierparadigma}{chapter.1}% 4
\BOOKMARK [2][-]{subsection.1.2.1}{M\366glichkeiten der Leistungserh\366hung}{section.1.2}% 5
\BOOKMARK [2][-]{subsection.1.2.2}{Mooresches Gesetz}{section.1.2}% 6
\BOOKMARK [2][-]{subsection.1.2.3}{Trends im Hochleistungsrechnen}{section.1.2}% 7
\BOOKMARK [0][-]{chapter.2}{Theoretische Grundbegriffe und Konzepte}{}% 8
\BOOKMARK [1][-]{section.2.1}{Grundprinzipien der Parallelisierung}{chapter.2}% 9
\BOOKMARK [2][-]{subsection.2.1.1}{Teile und herrsche \(divide and conquer, divide et impera\)}{section.2.1}% 10
\BOOKMARK [2][-]{subsection.2.1.2}{Fork-Join-Modell}{section.2.1}% 11
\BOOKMARK [2][-]{subsection.2.1.3}{Lastenverteilung \(load balancing\)}{section.2.1}% 12
\BOOKMARK [2][-]{subsection.2.1.4}{Parallelit\344t und Nebenl\344ufigkeit}{section.2.1}% 13
\BOOKMARK [1][-]{section.2.2}{Implementierungsm\366glichkeiten der Parallelisierung}{chapter.2}% 14
\BOOKMARK [2][-]{subsection.2.2.1}{Implementierungsm\366glichkeiten der Parallelisierung auf Hardwareebene}{section.2.2}% 15
\BOOKMARK [2][-]{subsection.2.2.2}{Implementierungsm\366glichkeiten der Parallelisierung auf Softwareebene}{section.2.2}% 16
\BOOKMARK [1][-]{section.2.3}{Prozess-Synchronisation ModerneBetriebssysteme}{chapter.2}% 17
\BOOKMARK [2][-]{subsection.2.3.1}{Probleme bei der parallelen Bearbeitung}{section.2.3}% 18
\BOOKMARK [2][-]{subsection.2.3.2}{L\366sungen zu den Problemen der parallelen Verarbeitung}{section.2.3}% 19
\BOOKMARK [0][-]{chapter*.2}{Literaturverzeichnis}{}% 20
